[0.301s] Invoking command in '/home/wintermelon/dev_ws/src/ros2_intention_detector': PYTHONPATH=/home/wintermelon/dev_ws/src/ros2_intention_detector/install/ros2_intention_detector/lib/python3.8/site-packages:${PYTHONPATH} /usr/bin/python3 setup.py egg_info --egg-base build/ros2_intention_detector build --build-base /home/wintermelon/dev_ws/src/ros2_intention_detector/build/ros2_intention_detector/build install --prefix /home/wintermelon/dev_ws/src/ros2_intention_detector/install/ros2_intention_detector --record /home/wintermelon/dev_ws/src/ros2_intention_detector/build/ros2_intention_detector/install.log --single-version-externally-managed
[0.539s] running egg_info
[0.540s] writing build/ros2_intention_detector/ros2_intention_detector.egg-info/PKG-INFO
[0.540s] writing dependency_links to build/ros2_intention_detector/ros2_intention_detector.egg-info/dependency_links.txt
[0.540s] writing entry points to build/ros2_intention_detector/ros2_intention_detector.egg-info/entry_points.txt
[0.541s] writing requirements to build/ros2_intention_detector/ros2_intention_detector.egg-info/requires.txt
[0.541s] writing top-level names to build/ros2_intention_detector/ros2_intention_detector.egg-info/top_level.txt
[0.574s] reading manifest file 'build/ros2_intention_detector/ros2_intention_detector.egg-info/SOURCES.txt'
[0.576s] writing manifest file 'build/ros2_intention_detector/ros2_intention_detector.egg-info/SOURCES.txt'
[0.576s] running build
[0.576s] running build_py
[0.576s] copying ros2_intention_detector/intention_detector_function.py -> /home/wintermelon/dev_ws/src/ros2_intention_detector/build/ros2_intention_detector/build/lib/ros2_intention_detector
[0.577s] running install
[0.578s] running install_lib
[0.580s] copying /home/wintermelon/dev_ws/src/ros2_intention_detector/build/ros2_intention_detector/build/lib/ros2_intention_detector/intention_detector_function.py -> /home/wintermelon/dev_ws/src/ros2_intention_detector/install/ros2_intention_detector/lib/python3.8/site-packages/ros2_intention_detector
[0.580s] byte-compiling /home/wintermelon/dev_ws/src/ros2_intention_detector/install/ros2_intention_detector/lib/python3.8/site-packages/ros2_intention_detector/intention_detector_function.py to intention_detector_function.cpython-38.pyc
[0.584s] running install_data
[0.584s] running install_egg_info
[0.586s] removing '/home/wintermelon/dev_ws/src/ros2_intention_detector/install/ros2_intention_detector/lib/python3.8/site-packages/ros2_intention_detector-0.0.0-py3.8.egg-info' (and everything under it)
[0.587s] Copying build/ros2_intention_detector/ros2_intention_detector.egg-info to /home/wintermelon/dev_ws/src/ros2_intention_detector/install/ros2_intention_detector/lib/python3.8/site-packages/ros2_intention_detector-0.0.0-py3.8.egg-info
[0.588s] running install_scripts
[0.612s] Installing detector script to /home/wintermelon/dev_ws/src/ros2_intention_detector/install/ros2_intention_detector/lib/ros2_intention_detector
[0.612s] Installing listener script to /home/wintermelon/dev_ws/src/ros2_intention_detector/install/ros2_intention_detector/lib/ros2_intention_detector
[0.613s] writing list of installed files to '/home/wintermelon/dev_ws/src/ros2_intention_detector/build/ros2_intention_detector/install.log'
[0.638s] Invoked command in '/home/wintermelon/dev_ws/src/ros2_intention_detector' returned '0': PYTHONPATH=/home/wintermelon/dev_ws/src/ros2_intention_detector/install/ros2_intention_detector/lib/python3.8/site-packages:${PYTHONPATH} /usr/bin/python3 setup.py egg_info --egg-base build/ros2_intention_detector build --build-base /home/wintermelon/dev_ws/src/ros2_intention_detector/build/ros2_intention_detector/build install --prefix /home/wintermelon/dev_ws/src/ros2_intention_detector/install/ros2_intention_detector --record /home/wintermelon/dev_ws/src/ros2_intention_detector/build/ros2_intention_detector/install.log --single-version-externally-managed
