running egg_info
creating build/ros2_intention_detector/ros2_intention_detector.egg-info
writing build/ros2_intention_detector/ros2_intention_detector.egg-info/PKG-INFO
writing dependency_links to build/ros2_intention_detector/ros2_intention_detector.egg-info/dependency_links.txt
writing entry points to build/ros2_intention_detector/ros2_intention_detector.egg-info/entry_points.txt
writing requirements to build/ros2_intention_detector/ros2_intention_detector.egg-info/requires.txt
writing top-level names to build/ros2_intention_detector/ros2_intention_detector.egg-info/top_level.txt
writing manifest file 'build/ros2_intention_detector/ros2_intention_detector.egg-info/SOURCES.txt'
reading manifest file 'build/ros2_intention_detector/ros2_intention_detector.egg-info/SOURCES.txt'
writing manifest file 'build/ros2_intention_detector/ros2_intention_detector.egg-info/SOURCES.txt'
running build
running build_py
creating /home/wintermelon/dev_ws/src/ros2_intention_detector/build/ros2_intention_detector/build
creating /home/wintermelon/dev_ws/src/ros2_intention_detector/build/ros2_intention_detector/build/lib
creating /home/wintermelon/dev_ws/src/ros2_intention_detector/build/ros2_intention_detector/build/lib/ros2_intention_detector
copying ros2_intention_detector/__init__.py -> /home/wintermelon/dev_ws/src/ros2_intention_detector/build/ros2_intention_detector/build/lib/ros2_intention_detector
copying ros2_intention_detector/intention_detector_function.py -> /home/wintermelon/dev_ws/src/ros2_intention_detector/build/ros2_intention_detector/build/lib/ros2_intention_detector
copying ros2_intention_detector/intention_subscriber_function.py -> /home/wintermelon/dev_ws/src/ros2_intention_detector/build/ros2_intention_detector/build/lib/ros2_intention_detector
running install
running install_lib
creating /home/wintermelon/dev_ws/src/ros2_intention_detector/install/ros2_intention_detector/lib/python3.8/site-packages/ros2_intention_detector
copying /home/wintermelon/dev_ws/src/ros2_intention_detector/build/ros2_intention_detector/build/lib/ros2_intention_detector/__init__.py -> /home/wintermelon/dev_ws/src/ros2_intention_detector/install/ros2_intention_detector/lib/python3.8/site-packages/ros2_intention_detector
copying /home/wintermelon/dev_ws/src/ros2_intention_detector/build/ros2_intention_detector/build/lib/ros2_intention_detector/intention_detector_function.py -> /home/wintermelon/dev_ws/src/ros2_intention_detector/install/ros2_intention_detector/lib/python3.8/site-packages/ros2_intention_detector
copying /home/wintermelon/dev_ws/src/ros2_intention_detector/build/ros2_intention_detector/build/lib/ros2_intention_detector/intention_subscriber_function.py -> /home/wintermelon/dev_ws/src/ros2_intention_detector/install/ros2_intention_detector/lib/python3.8/site-packages/ros2_intention_detector
byte-compiling /home/wintermelon/dev_ws/src/ros2_intention_detector/install/ros2_intention_detector/lib/python3.8/site-packages/ros2_intention_detector/__init__.py to __init__.cpython-38.pyc
byte-compiling /home/wintermelon/dev_ws/src/ros2_intention_detector/install/ros2_intention_detector/lib/python3.8/site-packages/ros2_intention_detector/intention_detector_function.py to intention_detector_function.cpython-38.pyc
byte-compiling /home/wintermelon/dev_ws/src/ros2_intention_detector/install/ros2_intention_detector/lib/python3.8/site-packages/ros2_intention_detector/intention_subscriber_function.py to intention_subscriber_function.cpython-38.pyc
running install_data
creating /home/wintermelon/dev_ws/src/ros2_intention_detector/install/ros2_intention_detector/share/ament_index
creating /home/wintermelon/dev_ws/src/ros2_intention_detector/install/ros2_intention_detector/share/ament_index/resource_index
creating /home/wintermelon/dev_ws/src/ros2_intention_detector/install/ros2_intention_detector/share/ament_index/resource_index/packages
copying resource/ros2_intention_detector -> /home/wintermelon/dev_ws/src/ros2_intention_detector/install/ros2_intention_detector/share/ament_index/resource_index/packages
copying package.xml -> /home/wintermelon/dev_ws/src/ros2_intention_detector/install/ros2_intention_detector/share/ros2_intention_detector
running install_egg_info
Copying build/ros2_intention_detector/ros2_intention_detector.egg-info to /home/wintermelon/dev_ws/src/ros2_intention_detector/install/ros2_intention_detector/lib/python3.8/site-packages/ros2_intention_detector-0.0.0-py3.8.egg-info
running install_scripts
Installing detector script to /home/wintermelon/dev_ws/src/ros2_intention_detector/install/ros2_intention_detector/lib/ros2_intention_detector
Installing listener script to /home/wintermelon/dev_ws/src/ros2_intention_detector/install/ros2_intention_detector/lib/ros2_intention_detector
writing list of installed files to '/home/wintermelon/dev_ws/src/ros2_intention_detector/build/ros2_intention_detector/install.log'
