[0.310s] Invoking command in '/home/wintermelon/dev_ws/src/ros2_intention_detector': PYTHONPATH=/home/wintermelon/dev_ws/src/ros2_intention_detector/install/ros2_intention_detector/lib/python3.8/site-packages:${PYTHONPATH} /usr/bin/python3 setup.py egg_info --egg-base build/ros2_intention_detector build --build-base /home/wintermelon/dev_ws/src/ros2_intention_detector/build/ros2_intention_detector/build install --prefix /home/wintermelon/dev_ws/src/ros2_intention_detector/install/ros2_intention_detector --record /home/wintermelon/dev_ws/src/ros2_intention_detector/build/ros2_intention_detector/install.log --single-version-externally-managed
[0.556s] running egg_info
[0.557s] creating build/ros2_intention_detector/ros2_intention_detector.egg-info
[0.557s] writing build/ros2_intention_detector/ros2_intention_detector.egg-info/PKG-INFO
[0.558s] writing dependency_links to build/ros2_intention_detector/ros2_intention_detector.egg-info/dependency_links.txt
[0.558s] writing entry points to build/ros2_intention_detector/ros2_intention_detector.egg-info/entry_points.txt
[0.558s] writing requirements to build/ros2_intention_detector/ros2_intention_detector.egg-info/requires.txt
[0.559s] writing top-level names to build/ros2_intention_detector/ros2_intention_detector.egg-info/top_level.txt
[0.560s] writing manifest file 'build/ros2_intention_detector/ros2_intention_detector.egg-info/SOURCES.txt'
[0.594s] reading manifest file 'build/ros2_intention_detector/ros2_intention_detector.egg-info/SOURCES.txt'
[0.595s] writing manifest file 'build/ros2_intention_detector/ros2_intention_detector.egg-info/SOURCES.txt'
[0.595s] running build
[0.596s] running build_py
[0.596s] creating /home/wintermelon/dev_ws/src/ros2_intention_detector/build/ros2_intention_detector/build
[0.596s] creating /home/wintermelon/dev_ws/src/ros2_intention_detector/build/ros2_intention_detector/build/lib
[0.597s] creating /home/wintermelon/dev_ws/src/ros2_intention_detector/build/ros2_intention_detector/build/lib/ros2_intention_detector
[0.597s] copying ros2_intention_detector/__init__.py -> /home/wintermelon/dev_ws/src/ros2_intention_detector/build/ros2_intention_detector/build/lib/ros2_intention_detector
[0.597s] copying ros2_intention_detector/intention_detector_function.py -> /home/wintermelon/dev_ws/src/ros2_intention_detector/build/ros2_intention_detector/build/lib/ros2_intention_detector
[0.597s] copying ros2_intention_detector/intention_subscriber_function.py -> /home/wintermelon/dev_ws/src/ros2_intention_detector/build/ros2_intention_detector/build/lib/ros2_intention_detector
[0.597s] running install
[0.598s] running install_lib
[0.599s] creating /home/wintermelon/dev_ws/src/ros2_intention_detector/install/ros2_intention_detector/lib/python3.8/site-packages/ros2_intention_detector
[0.600s] copying /home/wintermelon/dev_ws/src/ros2_intention_detector/build/ros2_intention_detector/build/lib/ros2_intention_detector/__init__.py -> /home/wintermelon/dev_ws/src/ros2_intention_detector/install/ros2_intention_detector/lib/python3.8/site-packages/ros2_intention_detector
[0.600s] copying /home/wintermelon/dev_ws/src/ros2_intention_detector/build/ros2_intention_detector/build/lib/ros2_intention_detector/intention_detector_function.py -> /home/wintermelon/dev_ws/src/ros2_intention_detector/install/ros2_intention_detector/lib/python3.8/site-packages/ros2_intention_detector
[0.600s] copying /home/wintermelon/dev_ws/src/ros2_intention_detector/build/ros2_intention_detector/build/lib/ros2_intention_detector/intention_subscriber_function.py -> /home/wintermelon/dev_ws/src/ros2_intention_detector/install/ros2_intention_detector/lib/python3.8/site-packages/ros2_intention_detector
[0.601s] byte-compiling /home/wintermelon/dev_ws/src/ros2_intention_detector/install/ros2_intention_detector/lib/python3.8/site-packages/ros2_intention_detector/__init__.py to __init__.cpython-38.pyc
[0.602s] byte-compiling /home/wintermelon/dev_ws/src/ros2_intention_detector/install/ros2_intention_detector/lib/python3.8/site-packages/ros2_intention_detector/intention_detector_function.py to intention_detector_function.cpython-38.pyc
[0.604s] byte-compiling /home/wintermelon/dev_ws/src/ros2_intention_detector/install/ros2_intention_detector/lib/python3.8/site-packages/ros2_intention_detector/intention_subscriber_function.py to intention_subscriber_function.cpython-38.pyc
[0.604s] running install_data
[0.605s] creating /home/wintermelon/dev_ws/src/ros2_intention_detector/install/ros2_intention_detector/share/ament_index
[0.605s] creating /home/wintermelon/dev_ws/src/ros2_intention_detector/install/ros2_intention_detector/share/ament_index/resource_index
[0.606s] creating /home/wintermelon/dev_ws/src/ros2_intention_detector/install/ros2_intention_detector/share/ament_index/resource_index/packages
[0.606s] copying resource/ros2_intention_detector -> /home/wintermelon/dev_ws/src/ros2_intention_detector/install/ros2_intention_detector/share/ament_index/resource_index/packages
[0.606s] copying package.xml -> /home/wintermelon/dev_ws/src/ros2_intention_detector/install/ros2_intention_detector/share/ros2_intention_detector
[0.606s] running install_egg_info
[0.608s] Copying build/ros2_intention_detector/ros2_intention_detector.egg-info to /home/wintermelon/dev_ws/src/ros2_intention_detector/install/ros2_intention_detector/lib/python3.8/site-packages/ros2_intention_detector-0.0.0-py3.8.egg-info
[0.609s] running install_scripts
[0.637s] Installing detector script to /home/wintermelon/dev_ws/src/ros2_intention_detector/install/ros2_intention_detector/lib/ros2_intention_detector
[0.637s] Installing listener script to /home/wintermelon/dev_ws/src/ros2_intention_detector/install/ros2_intention_detector/lib/ros2_intention_detector
[0.637s] writing list of installed files to '/home/wintermelon/dev_ws/src/ros2_intention_detector/build/ros2_intention_detector/install.log'
[0.664s] Invoked command in '/home/wintermelon/dev_ws/src/ros2_intention_detector' returned '0': PYTHONPATH=/home/wintermelon/dev_ws/src/ros2_intention_detector/install/ros2_intention_detector/lib/python3.8/site-packages:${PYTHONPATH} /usr/bin/python3 setup.py egg_info --egg-base build/ros2_intention_detector build --build-base /home/wintermelon/dev_ws/src/ros2_intention_detector/build/ros2_intention_detector/build install --prefix /home/wintermelon/dev_ws/src/ros2_intention_detector/install/ros2_intention_detector --record /home/wintermelon/dev_ws/src/ros2_intention_detector/build/ros2_intention_detector/install.log --single-version-externally-managed
