[0.280s] DEBUG:colcon:Command line arguments: ['/usr/bin/colcon', 'build', '--packages-select', 'ros2_intention_detector']
[0.280s] DEBUG:colcon:Parsed command line arguments: Namespace(ament_cmake_args=None, base_paths=['.'], build_base='build', catkin_cmake_args=None, catkin_skip_building_tests=False, cmake_args=None, cmake_clean_cache=False, cmake_clean_first=False, cmake_force_configure=False, cmake_target=None, cmake_target_skip_unavailable=False, continue_on_error=False, event_handlers=None, executor='parallel', ignore_user_meta=False, install_base='install', log_base=None, log_level=None, main=<bound method BuildVerb.main of <colcon_core.verb.build.BuildVerb object at 0x7fe9310d7190>>, merge_install=False, metas=['./colcon.meta'], packages_above=None, packages_above_and_dependencies=None, packages_above_depth=None, packages_end=None, packages_ignore=None, packages_ignore_regex=None, packages_select=['ros2_intention_detector'], packages_select_build_failed=False, packages_select_by_dep=None, packages_select_regex=None, packages_select_test_failures=False, packages_skip=None, packages_skip_build_finished=False, packages_skip_by_dep=None, packages_skip_regex=None, packages_skip_test_passed=False, packages_skip_up_to=None, packages_start=None, packages_up_to=None, packages_up_to_regex=None, parallel_workers=12, paths=None, symlink_install=False, test_result_base=None, verb_extension=<colcon_core.verb.build.BuildVerb object at 0x7fe9310d7190>, verb_name='build', verb_parser=<colcon_defaults.argument_parser.defaults.DefaultArgumentsDecorator object at 0x7fe9310d76d0>)
[0.287s] Level 1:colcon.colcon_core.package_discovery:discover_packages(colcon_meta) check parameters
[0.288s] Level 1:colcon.colcon_core.package_discovery:discover_packages(recursive) check parameters
[0.288s] Level 1:colcon.colcon_core.package_discovery:discover_packages(ignore) check parameters
[0.288s] Level 1:colcon.colcon_core.package_discovery:discover_packages(path) check parameters
[0.288s] Level 1:colcon.colcon_core.package_discovery:discover_packages(colcon_meta) discover
[0.288s] Level 1:colcon.colcon_core.package_discovery:discover_packages(recursive) discover
[0.288s] INFO:colcon.colcon_core.package_discovery:Crawling recursively for packages in '/home/wintermelon/dev_ws/src/ros2_intention_detector'
[0.288s] Level 1:colcon.colcon_core.package_identification:_identify(.) by extensions ['ignore', 'ignore_ament_install']
[0.288s] Level 1:colcon.colcon_core.package_identification:_identify(.) by extension 'ignore'
[0.288s] Level 1:colcon.colcon_core.package_identification:_identify(.) by extension 'ignore_ament_install'
[0.288s] Level 1:colcon.colcon_core.package_identification:_identify(.) by extensions ['colcon_pkg']
[0.288s] Level 1:colcon.colcon_core.package_identification:_identify(.) by extension 'colcon_pkg'
[0.288s] Level 1:colcon.colcon_core.package_identification:_identify(.) by extensions ['colcon_meta']
[0.289s] Level 1:colcon.colcon_core.package_identification:_identify(.) by extension 'colcon_meta'
[0.289s] Level 1:colcon.colcon_core.package_identification:_identify(.) by extensions ['ros']
[0.289s] Level 1:colcon.colcon_core.package_identification:_identify(.) by extension 'ros'
[0.301s] DEBUG:colcon.colcon_core.package_identification:Package '.' with type 'ros.ament_python' and name 'ros2_intention_detector'
[0.301s] Level 1:colcon.colcon_core.package_discovery:discover_packages(recursive) using defaults
[0.301s] Level 1:colcon.colcon_core.package_discovery:discover_packages(ignore) discover
[0.301s] Level 1:colcon.colcon_core.package_discovery:discover_packages(ignore) using defaults
[0.301s] Level 1:colcon.colcon_core.package_discovery:discover_packages(path) discover
[0.301s] Level 1:colcon.colcon_core.package_discovery:discover_packages(path) using defaults
[0.318s] Level 5:colcon.colcon_core.verb:set package 'ros2_intention_detector' build argument 'cmake_args' from command line to 'None'
[0.318s] Level 5:colcon.colcon_core.verb:set package 'ros2_intention_detector' build argument 'cmake_target' from command line to 'None'
[0.318s] Level 5:colcon.colcon_core.verb:set package 'ros2_intention_detector' build argument 'cmake_target_skip_unavailable' from command line to 'False'
[0.319s] Level 5:colcon.colcon_core.verb:set package 'ros2_intention_detector' build argument 'cmake_clean_cache' from command line to 'False'
[0.319s] Level 5:colcon.colcon_core.verb:set package 'ros2_intention_detector' build argument 'cmake_clean_first' from command line to 'False'
[0.319s] Level 5:colcon.colcon_core.verb:set package 'ros2_intention_detector' build argument 'cmake_force_configure' from command line to 'False'
[0.319s] Level 5:colcon.colcon_core.verb:set package 'ros2_intention_detector' build argument 'ament_cmake_args' from command line to 'None'
[0.319s] Level 5:colcon.colcon_core.verb:set package 'ros2_intention_detector' build argument 'catkin_cmake_args' from command line to 'None'
[0.319s] Level 5:colcon.colcon_core.verb:set package 'ros2_intention_detector' build argument 'catkin_skip_building_tests' from command line to 'False'
[0.319s] DEBUG:colcon.colcon_core.verb:Building package 'ros2_intention_detector' with the following arguments: {'ament_cmake_args': None, 'build_base': '/home/wintermelon/dev_ws/src/ros2_intention_detector/build/ros2_intention_detector', 'catkin_cmake_args': None, 'catkin_skip_building_tests': False, 'cmake_args': None, 'cmake_clean_cache': False, 'cmake_clean_first': False, 'cmake_force_configure': False, 'cmake_target': None, 'cmake_target_skip_unavailable': False, 'install_base': '/home/wintermelon/dev_ws/src/ros2_intention_detector/install/ros2_intention_detector', 'merge_install': False, 'path': '/home/wintermelon/dev_ws/src/ros2_intention_detector', 'symlink_install': False, 'test_result_base': None}
[0.319s] INFO:colcon.colcon_core.executor:Executing jobs using 'parallel' executor
[0.322s] DEBUG:colcon.colcon_parallel_executor.executor.parallel:run_until_complete
[0.323s] INFO:colcon.colcon_ros.task.ament_python.build:Building ROS package in '/home/wintermelon/dev_ws/src/ros2_intention_detector' with build type 'ament_python'
[0.323s] Level 1:colcon.colcon_core.shell:create_environment_hook('ros2_intention_detector', 'ament_prefix_path')
[0.328s] INFO:colcon.colcon_core.plugin_system:Skipping extension 'colcon_core.shell.bat': Not used on non-Windows systems
[0.328s] INFO:colcon.colcon_core.shell:Creating environment hook '/home/wintermelon/dev_ws/src/ros2_intention_detector/install/ros2_intention_detector/share/ros2_intention_detector/hook/ament_prefix_path.ps1'
[0.329s] INFO:colcon.colcon_core.shell:Creating environment descriptor '/home/wintermelon/dev_ws/src/ros2_intention_detector/install/ros2_intention_detector/share/ros2_intention_detector/hook/ament_prefix_path.dsv'
[0.330s] INFO:colcon.colcon_core.shell:Creating environment hook '/home/wintermelon/dev_ws/src/ros2_intention_detector/install/ros2_intention_detector/share/ros2_intention_detector/hook/ament_prefix_path.sh'
[0.332s] INFO:colcon.colcon_core.shell:Skip shell extension 'powershell' for command environment: Not usable outside of PowerShell
[0.332s] DEBUG:colcon.colcon_core.shell:Skip shell extension 'dsv' for command environment
[0.630s] INFO:colcon.colcon_core.task.python.build:Building Python package in '/home/wintermelon/dev_ws/src/ros2_intention_detector'
[0.632s] INFO:colcon.colcon_core.shell:Skip shell extension 'powershell' for command environment: Not usable outside of PowerShell
[0.632s] DEBUG:colcon.colcon_core.shell:Skip shell extension 'dsv' for command environment
[0.647s] DEBUG:colcon.colcon_core.event_handler.log_command:Invoking command in '/home/wintermelon/dev_ws/src/ros2_intention_detector': PYTHONPATH=/home/wintermelon/dev_ws/src/ros2_intention_detector/install/ros2_intention_detector/lib/python3.8/site-packages:${PYTHONPATH} /usr/bin/python3 setup.py egg_info --egg-base build/ros2_intention_detector build --build-base /home/wintermelon/dev_ws/src/ros2_intention_detector/build/ros2_intention_detector/build install --prefix /home/wintermelon/dev_ws/src/ros2_intention_detector/install/ros2_intention_detector --record /home/wintermelon/dev_ws/src/ros2_intention_detector/build/ros2_intention_detector/install.log --single-version-externally-managed
[1.034s] DEBUG:colcon.colcon_core.event_handler.log_command:Invoked command in '/home/wintermelon/dev_ws/src/ros2_intention_detector' returned '0': PYTHONPATH=/home/wintermelon/dev_ws/src/ros2_intention_detector/install/ros2_intention_detector/lib/python3.8/site-packages:${PYTHONPATH} /usr/bin/python3 setup.py egg_info --egg-base build/ros2_intention_detector build --build-base /home/wintermelon/dev_ws/src/ros2_intention_detector/build/ros2_intention_detector/build install --prefix /home/wintermelon/dev_ws/src/ros2_intention_detector/install/ros2_intention_detector --record /home/wintermelon/dev_ws/src/ros2_intention_detector/build/ros2_intention_detector/install.log --single-version-externally-managed
[1.039s] Level 1:colcon.colcon_core.environment:checking '/home/wintermelon/dev_ws/src/ros2_intention_detector/install/ros2_intention_detector' for CMake module files
[1.040s] Level 1:colcon.colcon_core.environment:checking '/home/wintermelon/dev_ws/src/ros2_intention_detector/install/ros2_intention_detector' for CMake config files
[1.041s] Level 1:colcon.colcon_core.environment:checking '/home/wintermelon/dev_ws/src/ros2_intention_detector/install/ros2_intention_detector/lib'
[1.041s] Level 1:colcon.colcon_core.environment:checking '/home/wintermelon/dev_ws/src/ros2_intention_detector/install/ros2_intention_detector/bin'
[1.042s] Level 1:colcon.colcon_core.environment:checking '/home/wintermelon/dev_ws/src/ros2_intention_detector/install/ros2_intention_detector/lib/pkgconfig/ros2_intention_detector.pc'
[1.042s] Level 1:colcon.colcon_core.environment:checking '/home/wintermelon/dev_ws/src/ros2_intention_detector/install/ros2_intention_detector/lib/python3.8/site-packages'
[1.042s] Level 1:colcon.colcon_core.shell:create_environment_hook('ros2_intention_detector', 'pythonpath')
[1.043s] INFO:colcon.colcon_core.shell:Creating environment hook '/home/wintermelon/dev_ws/src/ros2_intention_detector/install/ros2_intention_detector/share/ros2_intention_detector/hook/pythonpath.ps1'
[1.043s] INFO:colcon.colcon_core.shell:Creating environment descriptor '/home/wintermelon/dev_ws/src/ros2_intention_detector/install/ros2_intention_detector/share/ros2_intention_detector/hook/pythonpath.dsv'
[1.044s] INFO:colcon.colcon_core.shell:Creating environment hook '/home/wintermelon/dev_ws/src/ros2_intention_detector/install/ros2_intention_detector/share/ros2_intention_detector/hook/pythonpath.sh'
[1.045s] Level 1:colcon.colcon_core.environment:create_environment_scripts_only(ros2_intention_detector)
[1.046s] INFO:colcon.colcon_core.shell:Creating package script '/home/wintermelon/dev_ws/src/ros2_intention_detector/install/ros2_intention_detector/share/ros2_intention_detector/package.ps1'
[1.047s] INFO:colcon.colcon_core.shell:Creating package descriptor '/home/wintermelon/dev_ws/src/ros2_intention_detector/install/ros2_intention_detector/share/ros2_intention_detector/package.dsv'
[1.048s] INFO:colcon.colcon_core.shell:Creating package script '/home/wintermelon/dev_ws/src/ros2_intention_detector/install/ros2_intention_detector/share/ros2_intention_detector/package.sh'
[1.049s] INFO:colcon.colcon_core.shell:Creating package script '/home/wintermelon/dev_ws/src/ros2_intention_detector/install/ros2_intention_detector/share/ros2_intention_detector/package.bash'
[1.051s] INFO:colcon.colcon_core.shell:Creating package script '/home/wintermelon/dev_ws/src/ros2_intention_detector/install/ros2_intention_detector/share/ros2_intention_detector/package.zsh'
[1.052s] Level 1:colcon.colcon_core.environment:create_file_with_runtime_dependencies(/home/wintermelon/dev_ws/src/ros2_intention_detector/install/ros2_intention_detector/share/colcon-core/packages/ros2_intention_detector)
[1.052s] DEBUG:colcon.colcon_parallel_executor.executor.parallel:closing loop
[1.053s] DEBUG:colcon.colcon_parallel_executor.executor.parallel:loop closed
[1.053s] DEBUG:colcon.colcon_parallel_executor.executor.parallel:run_until_complete finished with '0'
[1.053s] DEBUG:colcon.colcon_core.event_reactor:joining thread
[1.063s] INFO:colcon.colcon_core.plugin_system:Skipping extension 'colcon_notification.desktop_notification.terminal_notifier': Not used on non-Darwin systems
[1.063s] INFO:colcon.colcon_core.plugin_system:Skipping extension 'colcon_notification.desktop_notification.win32': Not used on non-Windows systems
[1.064s] INFO:colcon.colcon_notification.desktop_notification:Sending desktop notification using 'notify2'
[1.086s] DEBUG:colcon.colcon_core.event_reactor:joined thread
[1.088s] INFO:colcon.colcon_core.shell:Creating prefix script '/home/wintermelon/dev_ws/src/ros2_intention_detector/install/local_setup.ps1'
[1.090s] INFO:colcon.colcon_core.shell:Creating prefix util module '/home/wintermelon/dev_ws/src/ros2_intention_detector/install/_local_setup_util_ps1.py'
[1.092s] INFO:colcon.colcon_core.shell:Creating prefix chain script '/home/wintermelon/dev_ws/src/ros2_intention_detector/install/setup.ps1'
[1.097s] INFO:colcon.colcon_core.shell:Creating prefix script '/home/wintermelon/dev_ws/src/ros2_intention_detector/install/local_setup.sh'
[1.098s] INFO:colcon.colcon_core.shell:Creating prefix util module '/home/wintermelon/dev_ws/src/ros2_intention_detector/install/_local_setup_util_sh.py'
[1.099s] INFO:colcon.colcon_core.shell:Creating prefix chain script '/home/wintermelon/dev_ws/src/ros2_intention_detector/install/setup.sh'
[1.104s] INFO:colcon.colcon_core.shell:Creating prefix script '/home/wintermelon/dev_ws/src/ros2_intention_detector/install/local_setup.bash'
[1.104s] INFO:colcon.colcon_core.shell:Creating prefix chain script '/home/wintermelon/dev_ws/src/ros2_intention_detector/install/setup.bash'
[1.108s] INFO:colcon.colcon_core.shell:Creating prefix script '/home/wintermelon/dev_ws/src/ros2_intention_detector/install/local_setup.zsh'
[1.109s] INFO:colcon.colcon_core.shell:Creating prefix chain script '/home/wintermelon/dev_ws/src/ros2_intention_detector/install/setup.zsh'
