[0.230s] Invoking command in '/home/wintermelon/dev_ws/src/ros2_intention_detector': PYTHONPATH=/home/wintermelon/dev_ws/src/ros2_intention_detector/install/ros2_intention_detector/lib/python3.8/site-packages:${PYTHONPATH} /usr/bin/python3 setup.py egg_info --egg-base build/ros2_intention_detector build --build-base /home/wintermelon/dev_ws/src/ros2_intention_detector/build/ros2_intention_detector/build install --prefix /home/wintermelon/dev_ws/src/ros2_intention_detector/install/ros2_intention_detector --record /home/wintermelon/dev_ws/src/ros2_intention_detector/build/ros2_intention_detector/install.log --single-version-externally-managed
[0.421s] running egg_info
[0.422s] writing build/ros2_intention_detector/ros2_intention_detector.egg-info/PKG-INFO
[0.422s] writing dependency_links to build/ros2_intention_detector/ros2_intention_detector.egg-info/dependency_links.txt
[0.422s] writing entry points to build/ros2_intention_detector/ros2_intention_detector.egg-info/entry_points.txt
[0.422s] writing requirements to build/ros2_intention_detector/ros2_intention_detector.egg-info/requires.txt
[0.423s] writing top-level names to build/ros2_intention_detector/ros2_intention_detector.egg-info/top_level.txt
[0.451s] reading manifest file 'build/ros2_intention_detector/ros2_intention_detector.egg-info/SOURCES.txt'
[0.452s] writing manifest file 'build/ros2_intention_detector/ros2_intention_detector.egg-info/SOURCES.txt'
[0.452s] running build
[0.453s] running build_py
[0.453s] copying ros2_intention_detector/intention_detector_function.py -> /home/wintermelon/dev_ws/src/ros2_intention_detector/build/ros2_intention_detector/build/lib/ros2_intention_detector
[0.453s] copying ros2_intention_detector/intention_subscriber_function.py -> /home/wintermelon/dev_ws/src/ros2_intention_detector/build/ros2_intention_detector/build/lib/ros2_intention_detector
[0.453s] running install
[0.454s] running install_lib
[0.455s] copying /home/wintermelon/dev_ws/src/ros2_intention_detector/build/ros2_intention_detector/build/lib/ros2_intention_detector/intention_detector_function.py -> /home/wintermelon/dev_ws/src/ros2_intention_detector/install/ros2_intention_detector/lib/python3.8/site-packages/ros2_intention_detector
[0.455s] copying /home/wintermelon/dev_ws/src/ros2_intention_detector/build/ros2_intention_detector/build/lib/ros2_intention_detector/intention_subscriber_function.py -> /home/wintermelon/dev_ws/src/ros2_intention_detector/install/ros2_intention_detector/lib/python3.8/site-packages/ros2_intention_detector
[0.455s] byte-compiling /home/wintermelon/dev_ws/src/ros2_intention_detector/install/ros2_intention_detector/lib/python3.8/site-packages/ros2_intention_detector/intention_detector_function.py to intention_detector_function.cpython-38.pyc
[0.457s] byte-compiling /home/wintermelon/dev_ws/src/ros2_intention_detector/install/ros2_intention_detector/lib/python3.8/site-packages/ros2_intention_detector/intention_subscriber_function.py to intention_subscriber_function.cpython-38.pyc
[0.458s] running install_data
[0.458s] running install_egg_info
[0.460s] removing '/home/wintermelon/dev_ws/src/ros2_intention_detector/install/ros2_intention_detector/lib/python3.8/site-packages/ros2_intention_detector-0.0.0-py3.8.egg-info' (and everything under it)
[0.460s] Copying build/ros2_intention_detector/ros2_intention_detector.egg-info to /home/wintermelon/dev_ws/src/ros2_intention_detector/install/ros2_intention_detector/lib/python3.8/site-packages/ros2_intention_detector-0.0.0-py3.8.egg-info
[0.461s] running install_scripts
[0.475s] Installing detector script to /home/wintermelon/dev_ws/src/ros2_intention_detector/install/ros2_intention_detector/lib/ros2_intention_detector
[0.475s] Installing listener script to /home/wintermelon/dev_ws/src/ros2_intention_detector/install/ros2_intention_detector/lib/ros2_intention_detector
[0.476s] writing list of installed files to '/home/wintermelon/dev_ws/src/ros2_intention_detector/build/ros2_intention_detector/install.log'
[0.492s] Invoked command in '/home/wintermelon/dev_ws/src/ros2_intention_detector' returned '0': PYTHONPATH=/home/wintermelon/dev_ws/src/ros2_intention_detector/install/ros2_intention_detector/lib/python3.8/site-packages:${PYTHONPATH} /usr/bin/python3 setup.py egg_info --egg-base build/ros2_intention_detector build --build-base /home/wintermelon/dev_ws/src/ros2_intention_detector/build/ros2_intention_detector/build install --prefix /home/wintermelon/dev_ws/src/ros2_intention_detector/install/ros2_intention_detector --record /home/wintermelon/dev_ws/src/ros2_intention_detector/build/ros2_intention_detector/install.log --single-version-externally-managed
